This is pdfTeX, Version 3.14159265-2.6-1.40.19 (MiKTeX 2.9.6630 64-bit) (preloaded format=pdftex 2018.7.22)  22 JUL 2018 14:42
entering extended mode
**"C:/Users/brandtp/OneDrive - TNO/Promotieonderzoek/Papers/2018_archSIOp/src/b
ib/CitedByMe-2018_archSIOp.bib"

("C:/Users/brandtp/OneDrive - TNO/Promotieonderzoek/Papers/2018_archSIOp/src/bi
b/CitedByMe-2018_archSIOp.bib"
Missing character: There is no ‚ in font cmr10!
Missing character: There is no Ä in font cmr10!
Missing character: There is no ú in font cmr10!
Missing character: There is no ‚ in font cmr10!
Missing character: There is no Ä in font cmr10!
Missing character: There is no ù in font cmr10!

! Missing $ inserted.
<inserted text> 
                $
<to be read again> 
                   _
l.23 doi = {10.1007/978-3-642-34997-3_
                                      9},
? ?
Type <return> to proceed, S to scroll future error messages,
R to run without stopping, Q to run quietly,
I to insert something, E to edit your file,
1 or ... or 9 to ignore the next 1 to 9 tokens of input,
H for help, X to quit.
? x
No pages of output.
PDF statistics:
 0 PDF objects out of 1000 (max. 8388607)
 0 named destinations out of 1000 (max. 500000)
 1 words of extra memory for PDF output out of 10000 (max. 10000000)

